<?xml version="1.0" encoding="UTF-8"?>
<!-- Generated by org.testng.reporters.JUnitReportReporter -->
<testsuite hostname="DESKTOP-H8P2PDB" failures="0" tests="2" name="testCases.TC002_Logout_Application" time="6.449" errors="0" timestamp="2025-01-30T19:34:28 IST" skipped="0">
  <testcase classname="testCases.TC002_Logout_Application" name="verify_login_is_successful" time="1.106"/>
  <testcase classname="testCases.TC002_Logout_Application" name="logout_application" time="5.343"/>
</testsuite> <!-- testCases.TC002_Logout_Application -->
