<?xml version="1.0" encoding="UTF-8"?>
<!-- Generated by org.testng.reporters.JUnitReportReporter -->
<testsuite hostname="DESKTOP-H8P2PDB" failures="0" tests="1" name="testCases.TC001_Account_Registeration" time="16.864" errors="0" timestamp="2025-01-29T12:08:47 IST" skipped="0">
  <testcase classname="testCases.TC001_Account_Registeration" name="verify_account_registeration" time="16.864"/>
</testsuite> <!-- testCases.TC001_Account_Registeration -->
