<?xml version="1.0" encoding="UTF-8"?>
<!-- Generated by org.testng.reporters.JUnitReportReporter -->
<testsuite hostname="DESKTOP-H8P2PDB" failures="0" tests="2" name="testCases.TC002_Logout_Application" time="6.350" errors="0" timestamp="2025-01-31T13:34:39 IST" skipped="0">
  <testcase classname="testCases.TC002_Logout_Application" name="verify_login_is_successful" time="3.392"/>
  <testcase classname="testCases.TC002_Logout_Application" name="logout_application" time="2.958"/>
</testsuite> <!-- testCases.TC002_Logout_Application -->
