<?xml version="1.0" encoding="UTF-8"?>
<!-- Generated by org.testng.reporters.JUnitReportReporter -->
<testsuite hostname="DESKTOP-H8P2PDB" failures="0" tests="2" name="testCases.TC002_Logout_Application" time="5.536" errors="0" timestamp="2025-01-31T14:21:34 IST" skipped="0">
  <testcase classname="testCases.TC002_Logout_Application" name="verify_login_is_successful" time="2.688"/>
  <testcase classname="testCases.TC002_Logout_Application" name="logout_application" time="2.848"/>
</testsuite> <!-- testCases.TC002_Logout_Application -->
