<?xml version="1.0" encoding="UTF-8"?>
<!-- Generated by org.testng.reporters.JUnitReportReporter -->
<testsuite hostname="DESKTOP-H8P2PDB" failures="0" tests="1" name="testCases.TC001_Login_Amazon_Account" time="10.371" errors="0" timestamp="2025-01-30T19:02:48 IST" skipped="0">
  <testcase classname="testCases.TC001_Login_Amazon_Account" name="verify_login_is_successful" time="10.371"/>
</testsuite> <!-- testCases.TC001_Login_Amazon_Account -->
